Using pre-set license
Built from '2020.3/staging' branch; Version is '2020.3.5f1 (8095aa901b9b) revision 8426922'; Using compiler version '192528614'; Build Type 'Release'
OS: 'Windows 10 Home Single Language; OS build 19042.1348; Version 2009; 64bit' Language: 'pt' Physical Memory: 8059 MB
BatchMode: 1, IsHumanControllingUs: 0, StartBugReporterOnCrash: 0, Is64bit: 1, IsPro: 0

 COMMAND LINE ARGUMENTS:
C:\Unity Editors\2020.3.5f1\Editor\Unity.exe
-adb2
-batchMode
-noUpm
-name
AssetImportWorker0
-projectPath
C:/Unity Games/RobotTrouble
-logFile
Logs/AssetImportWorker0.log
-srvPort
54793
Successfully changed project path to: C:/Unity Games/RobotTrouble
C:/Unity Games/RobotTrouble
Using Asset Import Pipeline V2.
Refreshing native plugins compatible for Editor in 99.86 ms, found 1 plugins.
Preloading 0 native plugins for Editor in 0.00 ms.
Initialize engine version: 2020.3.5f1 (8095aa901b9b)
[Subsystems] Discovering subsystems at path C:/Unity Editors/2020.3.5f1/Editor/Data/Resources/UnitySubsystems
[Subsystems] Discovering subsystems at path C:/Unity Games/RobotTrouble/Assets
GfxDevice: creating device client; threaded=0
Direct3D:
    Version:  Direct3D 11.0 [level 11.1]
    Renderer: NVIDIA GeForce GTX 1650 (ID=0x1f99)
    Vendor:   
    VRAM:     3962 MB
    Driver:   27.21.14.6230
Initialize mono
Mono path[0] = 'C:/Unity Editors/2020.3.5f1/Editor/Data/Managed'
Mono path[1] = 'C:/Unity Editors/2020.3.5f1/Editor/Data/MonoBleedingEdge/lib/mono/unityjit'
Mono config path = 'C:/Unity Editors/2020.3.5f1/Editor/Data/MonoBleedingEdge/etc'
Using monoOptions --debugger-agent=transport=dt_socket,embedding=1,server=y,suspend=n,address=127.0.0.1:56972
Begin MonoManager ReloadAssembly
Registering precompiled unity dll's ...
Register platform support module: C:/Unity Editors/2020.3.5f1/Editor/Data/PlaybackEngines/WebGLSupport/UnityEditor.WebGL.Extensions.dll
Register platform support module: C:/Unity Editors/2020.3.5f1/Editor/Data/PlaybackEngines/WindowsStandaloneSupport/UnityEditor.WindowsStandalone.Extensions.dll
Registered in 0.005509 seconds.
Native extension for WindowsStandalone target not found
Native extension for WebGL target not found
Refreshing native plugins compatible for Editor in 81.55 ms, found 1 plugins.
Preloading 0 native plugins for Editor in 0.00 ms.
Mono: successfully reloaded assembly
- Completed reload, in  4.715 seconds
Platform modules already initialized, skipping
Registering precompiled user dll's ...
Registered in 0.002610 seconds.
Begin MonoManager ReloadAssembly
Native extension for WindowsStandalone target not found
Native extension for WebGL target not found
Refreshing native plugins compatible for Editor in 72.24 ms, found 1 plugins.
Preloading 0 native plugins for Editor in 0.00 ms.
Mono: successfully reloaded assembly
- Completed reload, in  1.947 seconds
Platform modules already initialized, skipping
========================================================================
Worker process is ready to serve import requests
Launched and connected shader compiler UnityShaderCompiler.exe after 0.09 seconds
Refreshing native plugins compatible for Editor in 0.88 ms, found 1 plugins.
Preloading 0 native plugins for Editor in 0.00 ms.
Unloading 1836 Unused Serialized files (Serialized files now loaded: 0)
System memory in use before: 87.5 MB.
System memory in use after: 87.5 MB.

Unloading 24 unused Assets to reduce memory usage. Loaded Objects now: 2281.
Total: 4.294300 ms (FindLiveObjects: 0.901800 ms CreateObjectMapping: 0.360100 ms MarkObjects: 2.864200 ms  DeleteObjects: 0.165700 ms)

========================================================================
Received Import Request.
  path: Assets/Resources/Prefabs/UI/Expedition.prefab
  artifactKey: Guid(48b5682783452644783b5c6fd3df4e4a) Importer(815301076,1909f56bfc062723c751e8b465ee728b)
Start importing Assets/Resources/Prefabs/UI/Expedition.prefab using Guid(48b5682783452644783b5c6fd3df4e4a) Importer(815301076,1909f56bfc062723c751e8b465ee728b)  -> (artifact id: '1e3bd1abf05877314c2bf26d3c535970') in 0.314369 seconds
  Import took 0.324549 seconds .

========================================================================
Received Prepare
Registering precompiled user dll's ...
Registered in 0.003133 seconds.
Begin MonoManager ReloadAssembly
Native extension for WindowsStandalone target not found
Native extension for WebGL target not found
Refreshing native plugins compatible for Editor in 0.51 ms, found 1 plugins.
Preloading 0 native plugins for Editor in 0.00 ms.
Mono: successfully reloaded assembly
- Completed reload, in  1.826 seconds
Platform modules already initialized, skipping
Refreshing native plugins compatible for Editor in 0.48 ms, found 1 plugins.
Preloading 0 native plugins for Editor in 0.00 ms.
Unloading 1818 Unused Serialized files (Serialized files now loaded: 0)
System memory in use before: 86.2 MB.
System memory in use after: 86.2 MB.

Unloading 13 unused Assets to reduce memory usage. Loaded Objects now: 2285.
Total: 3.227400 ms (FindLiveObjects: 0.301900 ms CreateObjectMapping: 0.127800 ms MarkObjects: 2.619100 ms  DeleteObjects: 0.177000 ms)

========================================================================
Received Prepare
Registering precompiled user dll's ...
Registered in 0.007374 seconds.
Begin MonoManager ReloadAssembly
Native extension for WindowsStandalone target not found
Native extension for WebGL target not found
Refreshing native plugins compatible for Editor in 0.48 ms, found 1 plugins.
Preloading 0 native plugins for Editor in 0.00 ms.
Mono: successfully reloaded assembly
- Completed reload, in  1.769 seconds
Platform modules already initialized, skipping
Refreshing native plugins compatible for Editor in 1.13 ms, found 1 plugins.
Preloading 0 native plugins for Editor in 0.00 ms.
Unloading 1818 Unused Serialized files (Serialized files now loaded: 0)
System memory in use before: 86.3 MB.
System memory in use after: 86.2 MB.

Unloading 12 unused Assets to reduce memory usage. Loaded Objects now: 2289.
Total: 9.441200 ms (FindLiveObjects: 0.447200 ms CreateObjectMapping: 0.164700 ms MarkObjects: 8.633100 ms  DeleteObjects: 0.194500 ms)

========================================================================
Received Prepare
Registering precompiled user dll's ...
Registered in 0.001440 seconds.
Begin MonoManager ReloadAssembly
Native extension for WindowsStandalone target not found
Native extension for WebGL target not found
Refreshing native plugins compatible for Editor in 0.39 ms, found 1 plugins.
Preloading 0 native plugins for Editor in 0.00 ms.
Mono: successfully reloaded assembly
- Completed reload, in  1.091 seconds
Platform modules already initialized, skipping
Refreshing native plugins compatible for Editor in 0.95 ms, found 1 plugins.
Preloading 0 native plugins for Editor in 0.00 ms.
Unloading 1818 Unused Serialized files (Serialized files now loaded: 0)
System memory in use before: 86.3 MB.
System memory in use after: 86.3 MB.

Unloading 12 unused Assets to reduce memory usage. Loaded Objects now: 2293.
Total: 2.687700 ms (FindLiveObjects: 0.213900 ms CreateObjectMapping: 0.091800 ms MarkObjects: 2.200900 ms  DeleteObjects: 0.180000 ms)

========================================================================
Received Import Request.
  Time since last request: 928.894254 seconds.
  path: Assets/Scripts/Structures/Expedition.cs
  artifactKey: Guid(32a7902998e4add4c9b311785ea8e5af) Importer(815301076,1909f56bfc062723c751e8b465ee728b)
Start importing Assets/Scripts/Structures/Expedition.cs using Guid(32a7902998e4add4c9b311785ea8e5af) Importer(815301076,1909f56bfc062723c751e8b465ee728b)  -> (artifact id: '3e0071753b140053fd01b705e0604b4b') in 0.025982 seconds
  Import took 0.031227 seconds .

========================================================================
Received Prepare
Registering precompiled user dll's ...
Registered in 0.001399 seconds.
Begin MonoManager ReloadAssembly
Native extension for WindowsStandalone target not found
Native extension for WebGL target not found
Refreshing native plugins compatible for Editor in 0.44 ms, found 1 plugins.
Preloading 0 native plugins for Editor in 0.00 ms.
Mono: successfully reloaded assembly
- Completed reload, in  1.089 seconds
Platform modules already initialized, skipping
Refreshing native plugins compatible for Editor in 0.46 ms, found 1 plugins.
Preloading 0 native plugins for Editor in 0.00 ms.
Unloading 1818 Unused Serialized files (Serialized files now loaded: 0)
System memory in use before: 86.3 MB.
System memory in use after: 86.3 MB.

Unloading 12 unused Assets to reduce memory usage. Loaded Objects now: 2297.
Total: 2.569800 ms (FindLiveObjects: 0.231100 ms CreateObjectMapping: 0.086400 ms MarkObjects: 2.114000 ms  DeleteObjects: 0.137000 ms)

========================================================================
Received Import Request.
  Time since last request: 128.789732 seconds.
  path: Assets/Resources/Prefabs/UI/CanvasExpeditionUI.prefab
  artifactKey: Guid(7517249740e4c6249938d295d7592fba) Importer(815301076,1909f56bfc062723c751e8b465ee728b)
Start importing Assets/Resources/Prefabs/UI/CanvasExpeditionUI.prefab using Guid(7517249740e4c6249938d295d7592fba) Importer(815301076,1909f56bfc062723c751e8b465ee728b)  -> (artifact id: '90a066515161dfaee9cd4a2f497858d7') in 0.089860 seconds
  Import took 0.094457 seconds .

========================================================================
Received Import Request.
  Time since last request: 7.336523 seconds.
  path: Assets/Resources/Prefabs/Structures/Expedition.prefab
  artifactKey: Guid(dbe46e9c75491d54e98e1bb729a65702) Importer(815301076,1909f56bfc062723c751e8b465ee728b)
Start importing Assets/Resources/Prefabs/Structures/Expedition.prefab using Guid(dbe46e9c75491d54e98e1bb729a65702) Importer(815301076,1909f56bfc062723c751e8b465ee728b)  -> (artifact id: 'cbebd3c5c137049aa79a891a186d3176') in 0.099318 seconds
  Import took 0.103429 seconds .

========================================================================
Received Import Request.
  Time since last request: 0.000452 seconds.
  path: Assets/Resources/Prefabs/UI/Expedition.prefab
  artifactKey: Guid(48b5682783452644783b5c6fd3df4e4a) Importer(815301076,1909f56bfc062723c751e8b465ee728b)
Start importing Assets/Resources/Prefabs/UI/Expedition.prefab using Guid(48b5682783452644783b5c6fd3df4e4a) Importer(815301076,1909f56bfc062723c751e8b465ee728b)  -> (artifact id: '0ccc6d52fba25a75e441111d9306620a') in 0.021128 seconds
  Import took 0.026929 seconds .

========================================================================
Received Import Request.
  Time since last request: 2.284898 seconds.
  path: Assets/Resources/Prefabs/UI/CanvasExpeditionUI.prefab
  artifactKey: Guid(7517249740e4c6249938d295d7592fba) Importer(815301076,1909f56bfc062723c751e8b465ee728b)
Start importing Assets/Resources/Prefabs/UI/CanvasExpeditionUI.prefab using Guid(7517249740e4c6249938d295d7592fba) Importer(815301076,1909f56bfc062723c751e8b465ee728b)  -> (artifact id: 'c8ce39f67f93dc96e7fb6b3d55ee4cd1') in 0.016394 seconds
  Import took 0.025712 seconds .

========================================================================
Received Import Request.
  Time since last request: 13.036470 seconds.
  path: Assets/Resources/Prefabs/UI/CanvasExpeditionUI.prefab
  artifactKey: Guid(7517249740e4c6249938d295d7592fba) Importer(815301076,1909f56bfc062723c751e8b465ee728b)
Start importing Assets/Resources/Prefabs/UI/CanvasExpeditionUI.prefab using Guid(7517249740e4c6249938d295d7592fba) Importer(815301076,1909f56bfc062723c751e8b465ee728b)  -> (artifact id: 'c338c367a81983deaa37ae18b90c8627') in 0.024434 seconds
  Import took 0.029815 seconds .

========================================================================
Received Prepare
Registering precompiled user dll's ...
Registered in 0.001038 seconds.
Begin MonoManager ReloadAssembly
Native extension for WindowsStandalone target not found
Native extension for WebGL target not found
Refreshing native plugins compatible for Editor in 0.73 ms, found 1 plugins.
Preloading 0 native plugins for Editor in 0.00 ms.
Mono: successfully reloaded assembly
- Completed reload, in  0.890 seconds
Platform modules already initialized, skipping
Refreshing native plugins compatible for Editor in 0.48 ms, found 1 plugins.
Preloading 0 native plugins for Editor in 0.00 ms.
Unloading 1818 Unused Serialized files (Serialized files now loaded: 0)
System memory in use before: 89.4 MB.
System memory in use after: 89.4 MB.

Unloading 13 unused Assets to reduce memory usage. Loaded Objects now: 2308.
Total: 4.933900 ms (FindLiveObjects: 0.415700 ms CreateObjectMapping: 0.178000 ms MarkObjects: 4.141200 ms  DeleteObjects: 0.196600 ms)

========================================================================
Received Prepare
Registering precompiled user dll's ...
Registered in 0.001876 seconds.
Begin MonoManager ReloadAssembly
Native extension for WindowsStandalone target not found
Native extension for WebGL target not found
Refreshing native plugins compatible for Editor in 0.45 ms, found 1 plugins.
Preloading 0 native plugins for Editor in 0.00 ms.
Mono: successfully reloaded assembly
- Completed reload, in  1.162 seconds
Platform modules already initialized, skipping
Refreshing native plugins compatible for Editor in 0.50 ms, found 1 plugins.
Preloading 0 native plugins for Editor in 0.00 ms.
Unloading 1818 Unused Serialized files (Serialized files now loaded: 0)
System memory in use before: 89.4 MB.
System memory in use after: 89.4 MB.

Unloading 12 unused Assets to reduce memory usage. Loaded Objects now: 2312.
Total: 2.882700 ms (FindLiveObjects: 0.246900 ms CreateObjectMapping: 0.091300 ms MarkObjects: 2.367500 ms  DeleteObjects: 0.175500 ms)

========================================================================
Received Import Request.
  Time since last request: 50.261239 seconds.
  path: Assets/Resources/Data/Expeditions/SpiderExpedition.asset
  artifactKey: Guid(198b02db955ab7d4887f30602bdd5841) Importer(815301076,1909f56bfc062723c751e8b465ee728b)
Start importing Assets/Resources/Data/Expeditions/SpiderExpedition.asset using Guid(198b02db955ab7d4887f30602bdd5841) Importer(815301076,1909f56bfc062723c751e8b465ee728b)  -> (artifact id: '5ad63f4d1905c620b839a249c8df17a1') in 0.028685 seconds
  Import took 0.034123 seconds .

========================================================================
Received Prepare
Registering precompiled user dll's ...
Registered in 0.001228 seconds.
Begin MonoManager ReloadAssembly
Native extension for WindowsStandalone target not found
Native extension for WebGL target not found
Refreshing native plugins compatible for Editor in 0.43 ms, found 1 plugins.
Preloading 0 native plugins for Editor in 0.00 ms.
Mono: successfully reloaded assembly
- Completed reload, in  0.940 seconds
Platform modules already initialized, skipping
Refreshing native plugins compatible for Editor in 0.49 ms, found 1 plugins.
Preloading 0 native plugins for Editor in 0.00 ms.
Unloading 1818 Unused Serialized files (Serialized files now loaded: 0)
System memory in use before: 89.4 MB.
System memory in use after: 89.4 MB.

Unloading 12 unused Assets to reduce memory usage. Loaded Objects now: 2316.
Total: 2.918700 ms (FindLiveObjects: 0.496800 ms CreateObjectMapping: 0.207600 ms MarkObjects: 2.046400 ms  DeleteObjects: 0.145200 ms)

========================================================================
Received Import Request.
  Time since last request: 44.419956 seconds.
  path: Assets/Resources/Prefabs/UI/Expedition.prefab
  artifactKey: Guid(48b5682783452644783b5c6fd3df4e4a) Importer(815301076,1909f56bfc062723c751e8b465ee728b)
Start importing Assets/Resources/Prefabs/UI/Expedition.prefab using Guid(48b5682783452644783b5c6fd3df4e4a) Importer(815301076,1909f56bfc062723c751e8b465ee728b)  -> (artifact id: 'c9a65508b12beb96a041579edea2fdb7') in 0.089876 seconds
  Import took 0.095466 seconds .

========================================================================
Received Import Request.
  Time since last request: 6.908242 seconds.
  path: Assets/Resources/Data/Expeditions/SpiderExpedition.asset
  artifactKey: Guid(198b02db955ab7d4887f30602bdd5841) Importer(815301076,1909f56bfc062723c751e8b465ee728b)
Start importing Assets/Resources/Data/Expeditions/SpiderExpedition.asset using Guid(198b02db955ab7d4887f30602bdd5841) Importer(815301076,1909f56bfc062723c751e8b465ee728b)  -> (artifact id: 'b3942c8f686a81c9264182c166d8a71a') in 0.007186 seconds
  Import took 0.012791 seconds .

========================================================================
Received Prepare
Registering precompiled user dll's ...
Registered in 0.001456 seconds.
Begin MonoManager ReloadAssembly
Native extension for WindowsStandalone target not found
Native extension for WebGL target not found
Refreshing native plugins compatible for Editor in 0.57 ms, found 1 plugins.
Preloading 0 native plugins for Editor in 0.00 ms.
Mono: successfully reloaded assembly
- Completed reload, in  1.102 seconds
Platform modules already initialized, skipping
Refreshing native plugins compatible for Editor in 0.50 ms, found 1 plugins.
Preloading 0 native plugins for Editor in 0.00 ms.
Unloading 1818 Unused Serialized files (Serialized files now loaded: 0)
System memory in use before: 89.4 MB.
System memory in use after: 89.4 MB.

Unloading 13 unused Assets to reduce memory usage. Loaded Objects now: 2320.
Total: 2.436900 ms (FindLiveObjects: 0.279300 ms CreateObjectMapping: 0.107600 ms MarkObjects: 1.900500 ms  DeleteObjects: 0.148500 ms)

========================================================================
Received Prepare
Registering precompiled user dll's ...
Registered in 0.001507 seconds.
Begin MonoManager ReloadAssembly
Native extension for WindowsStandalone target not found
Native extension for WebGL target not found
Refreshing native plugins compatible for Editor in 0.42 ms, found 1 plugins.
Preloading 0 native plugins for Editor in 0.00 ms.
Mono: successfully reloaded assembly
- Completed reload, in  1.059 seconds
Platform modules already initialized, skipping
Refreshing native plugins compatible for Editor in 0.48 ms, found 1 plugins.
Preloading 0 native plugins for Editor in 0.00 ms.
Unloading 1818 Unused Serialized files (Serialized files now loaded: 0)
System memory in use before: 89.4 MB.
System memory in use after: 89.4 MB.

Unloading 12 unused Assets to reduce memory usage. Loaded Objects now: 2324.
Total: 2.729500 ms (FindLiveObjects: 0.222800 ms CreateObjectMapping: 0.074600 ms MarkObjects: 2.321600 ms  DeleteObjects: 0.109500 ms)

========================================================================
Received Prepare
Registering precompiled user dll's ...
Registered in 0.001248 seconds.
Begin MonoManager ReloadAssembly
Native extension for WindowsStandalone target not found
Native extension for WebGL target not found
Refreshing native plugins compatible for Editor in 0.46 ms, found 1 plugins.
Preloading 0 native plugins for Editor in 0.00 ms.
Mono: successfully reloaded assembly
- Completed reload, in  1.104 seconds
Platform modules already initialized, skipping
Refreshing native plugins compatible for Editor in 0.47 ms, found 1 plugins.
Preloading 0 native plugins for Editor in 0.00 ms.
Unloading 1818 Unused Serialized files (Serialized files now loaded: 0)
System memory in use before: 89.5 MB.
System memory in use after: 89.4 MB.

Unloading 12 unused Assets to reduce memory usage. Loaded Objects now: 2328.
Total: 4.930100 ms (FindLiveObjects: 0.393000 ms CreateObjectMapping: 0.191100 ms MarkObjects: 4.093900 ms  DeleteObjects: 0.249400 ms)

========================================================================
Received Prepare
Registering precompiled user dll's ...
Registered in 0.002869 seconds.
Begin MonoManager ReloadAssembly
Native extension for WindowsStandalone target not found
Native extension for WebGL target not found
Refreshing native plugins compatible for Editor in 0.36 ms, found 1 plugins.
Preloading 0 native plugins for Editor in 0.00 ms.
Mono: successfully reloaded assembly
- Completed reload, in  1.095 seconds
Platform modules already initialized, skipping
Refreshing native plugins compatible for Editor in 0.47 ms, found 1 plugins.
Preloading 0 native plugins for Editor in 0.00 ms.
Unloading 1818 Unused Serialized files (Serialized files now loaded: 0)
System memory in use before: 89.5 MB.
System memory in use after: 89.4 MB.

Unloading 12 unused Assets to reduce memory usage. Loaded Objects now: 2332.
Total: 2.829100 ms (FindLiveObjects: 0.366600 ms CreateObjectMapping: 0.095000 ms MarkObjects: 2.163700 ms  DeleteObjects: 0.202500 ms)

========================================================================
Received Prepare
Registering precompiled user dll's ...
Registered in 0.001310 seconds.
Begin MonoManager ReloadAssembly
Native extension for WindowsStandalone target not found
Native extension for WebGL target not found
Refreshing native plugins compatible for Editor in 0.62 ms, found 1 plugins.
Preloading 0 native plugins for Editor in 0.00 ms.
Mono: successfully reloaded assembly
- Completed reload, in  1.004 seconds
Platform modules already initialized, skipping
Refreshing native plugins compatible for Editor in 0.48 ms, found 1 plugins.
Preloading 0 native plugins for Editor in 0.00 ms.
Unloading 1818 Unused Serialized files (Serialized files now loaded: 0)
System memory in use before: 89.5 MB.
System memory in use after: 89.4 MB.

Unloading 12 unused Assets to reduce memory usage. Loaded Objects now: 2336.
Total: 2.412800 ms (FindLiveObjects: 0.233400 ms CreateObjectMapping: 0.099100 ms MarkObjects: 1.922100 ms  DeleteObjects: 0.156800 ms)

AssetImportWorkerClient::OnTransportError - code=2 error=End of file
